<?xml version="1.0" encoding="UTF-8"?>
<!-- Generated by org.testng.reporters.JUnitReportReporter -->
<testsuite hostname="DESKTOP-MP6QUH3" failures="0" tests="6" name="saucedemo.testclasses.ProductPageTest" time="61.901" errors="0" timestamp="2025-09-08T13:01:48 IST" skipped="0">
  <testcase classname="saucedemo.testclasses.ProductPageTest" name="productDisplayed" time="0.162"/>
  <testcase classname="saucedemo.testclasses.ProductPageTest" name="addProductToCart" time="0.438"/>
  <testcase classname="saucedemo.testclasses.ProductPageTest" name="removeProductFromCart" time="20.373"/>
  <testcase classname="saucedemo.testclasses.ProductPageTest" name="addProductAfterRemovingAll" time="20.190"/>
  <testcase classname="saucedemo.testclasses.ProductPageTest" name="addSecondProductToCart" time="20.372"/>
  <testcase classname="saucedemo.testclasses.ProductPageTest" name="goToCartTest" time="0.366"/>
</testsuite> <!-- saucedemo.testclasses.ProductPageTest -->
