<?xml version="1.0" encoding="UTF-8"?>
<!-- Generated by org.testng.reporters.JUnitReportReporter -->
<testsuite hostname="DESKTOP-MP6QUH3" failures="0" tests="4" name="saucedemo.runners.TestRunner" time="22.663" errors="0" timestamp="2025-09-08T00:17:53 IST" skipped="0">
  <testcase classname="saucedemo.runners.TestRunner" name="runScenario" time="4.029"/>
  <testcase classname="saucedemo.runners.TestRunner" name="runScenario" time="5.175"/>
  <testcase classname="saucedemo.runners.TestRunner" name="runScenario" time="4.632"/>
  <testcase classname="saucedemo.runners.TestRunner" name="runScenario" time="8.827"/>
</testsuite> <!-- saucedemo.runners.TestRunner -->
