<?xml version="1.0" encoding="UTF-8"?>
<!-- Generated by org.testng.reporters.JUnitReportReporter -->
<testsuite hostname="DESKTOP-MP6QUH3" failures="0" tests="3" name="saucedemo.testclasses.LoginPageTest" time="1.416" errors="0" timestamp="2025-09-08T13:01:48 IST" skipped="0">
  <testcase classname="saucedemo.testclasses.LoginPageTest" name="invalidLoginTest" time="0.596"/>
  <testcase classname="saucedemo.testclasses.LoginPageTest" name="validLoginTest" time="0.480"/>
  <testcase classname="saucedemo.testclasses.LoginPageTest" name="lockedOutUserTest" time="0.340"/>
</testsuite> <!-- saucedemo.testclasses.LoginPageTest -->
