<?xml version="1.0" encoding="UTF-8"?>
<!-- Generated by org.testng.reporters.JUnitReportReporter -->
<testsuite hostname="DESKTOP-MP6QUH3" failures="0" tests="3" name="saucedemo.testclasses.CartPageTest" time="20.722" errors="0" timestamp="2025-09-08T10:46:26 IST" skipped="0">
  <testcase classname="saucedemo.testclasses.CartPageTest" name="isCartPage" time="0.011"/>
  <testcase classname="saucedemo.testclasses.CartPageTest" name="removeProductFromCart" time="20.536"/>
  <testcase classname="saucedemo.testclasses.CartPageTest" name="clickCheckOut" time="0.175"/>
</testsuite> <!-- saucedemo.testclasses.CartPageTest -->
