<?xml version="1.0" encoding="UTF-8"?>
<!-- Generated by org.testng.reporters.JUnitReportReporter -->
<testsuite hostname="DESKTOP-MP6QUH3" failures="0" tests="3" name="saucedemo.testclasses.CartPageTest" time="21.865" errors="0" timestamp="2025-09-08T13:01:48 IST" skipped="0">
  <testcase classname="saucedemo.testclasses.CartPageTest" name="isCartPage" time="0.217"/>
  <testcase classname="saucedemo.testclasses.CartPageTest" name="removeProductFromCart" time="21.283"/>
  <testcase classname="saucedemo.testclasses.CartPageTest" name="clickCheckOut" time="0.365"/>
</testsuite> <!-- saucedemo.testclasses.CartPageTest -->
