<?xml version="1.0" encoding="UTF-8"?>
<!-- Generated by org.testng.reporters.JUnitReportReporter -->
<testsuite hostname="DESKTOP-MP6QUH3" failures="0" tests="4" name="saucedemo.testclasses.CheckOutPageTest" time="8.687" errors="0" timestamp="2025-09-08T10:46:26 IST" skipped="0">
  <testcase classname="saucedemo.testclasses.CheckOutPageTest" name="verifyCheckoutPageHeading" time="0.134"/>
  <testcase classname="saucedemo.testclasses.CheckOutPageTest" name="fillCheckoutInformation" time="6.363"/>
  <testcase classname="saucedemo.testclasses.CheckOutPageTest" name="clickContinueAndVerifyNavigation" time="0.103"/>
  <testcase classname="saucedemo.testclasses.CheckOutPageTest" name="completeCheckoutProcess" time="2.087"/>
</testsuite> <!-- saucedemo.testclasses.CheckOutPageTest -->
