<?xml version="1.0" encoding="UTF-8"?>
<!-- Generated by org.testng.reporters.JUnitReportReporter -->
<testsuite hostname="DESKTOP-MP6QUH3" failures="0" tests="4" name="saucedemo.testclasses.CheckOutPageTest" time="9.790" errors="0" timestamp="2025-09-08T13:01:48 IST" skipped="0">
  <testcase classname="saucedemo.testclasses.CheckOutPageTest" name="verifyCheckoutPageHeading" time="0.227"/>
  <testcase classname="saucedemo.testclasses.CheckOutPageTest" name="fillCheckoutInformation" time="6.536"/>
  <testcase classname="saucedemo.testclasses.CheckOutPageTest" name="clickContinueAndVerifyNavigation" time="0.358"/>
  <testcase classname="saucedemo.testclasses.CheckOutPageTest" name="completeCheckoutProcess" time="2.669"/>
</testsuite> <!-- saucedemo.testclasses.CheckOutPageTest -->
