<?xml version="1.0" encoding="UTF-8"?>
<!-- Generated by org.testng.reporters.JUnitReportReporter -->
<testsuite hostname="DESKTOP-MP6QUH3" failures="0" tests="6" name="saucedemo.testclasses.ProductPageTest" time="62.000" errors="0" timestamp="2025-09-08T10:46:26 IST" skipped="0">
  <testcase classname="saucedemo.testclasses.ProductPageTest" name="productDisplayed" time="0.183"/>
  <testcase classname="saucedemo.testclasses.ProductPageTest" name="addProductToCart" time="0.471"/>
  <testcase classname="saucedemo.testclasses.ProductPageTest" name="removeProductFromCart" time="20.373"/>
  <testcase classname="saucedemo.testclasses.ProductPageTest" name="addProductAfterRemovingAll" time="20.189"/>
  <testcase classname="saucedemo.testclasses.ProductPageTest" name="addSecondProductToCart" time="20.376"/>
  <testcase classname="saucedemo.testclasses.ProductPageTest" name="goToCartTest" time="0.408"/>
</testsuite> <!-- saucedemo.testclasses.ProductPageTest -->
